13-06-2015 14:57:56 ERROR [main] - log4JToXml.xmlToProperties.XmlToLog4jConverterImpl$SimpleErrorHandler.error 464 - Attribute "class" is required and must be specified for element type "appender".
13-06-2015 14:57:56 ERROR [main] - log4JToXml.xmlToProperties.XmlToLog4jConverterImpl.load 107 - Error parsing input file: src/main/resources/testData/xmltest3.xml
org.dom4j.DocumentException: Invalid input file content; Error parsing input file Nested exception: Invalid input file content; Error parsing input file
	at org.dom4j.io.SAXReader.read(SAXReader.java:484)
	at org.dom4j.io.SAXReader.read(SAXReader.java:291)
	at log4JToXml.xmlToProperties.XmlToLog4jConverterImpl.parse(XmlToLog4jConverterImpl.java:434)
	at log4JToXml.xmlToProperties.XmlToLog4jConverterImpl.load(XmlToLog4jConverterImpl.java:105)
	at log4JToXml.xmlToProperties.XmlToLog4jConverterImpl.convertAndSave(XmlToLog4jConverterImpl.java:402)
	at log4JToXml.xmlToProperties.XmlToPropertiesTest.xmlToPropertiesTest3(XmlToPropertiesTest.java:62)
	at sun.reflect.NativeMethodAccessorImpl.invoke0(Native Method)
	at sun.reflect.NativeMethodAccessorImpl.invoke(NativeMethodAccessorImpl.java:62)
	at sun.reflect.DelegatingMethodAccessorImpl.invoke(DelegatingMethodAccessorImpl.java:43)
	at java.lang.reflect.Method.invoke(Method.java:497)
	at org.junit.runners.model.FrameworkMethod$1.runReflectiveCall(FrameworkMethod.java:50)
	at org.junit.internal.runners.model.ReflectiveCallable.run(ReflectiveCallable.java:12)
	at org.junit.runners.model.FrameworkMethod.invokeExplosively(FrameworkMethod.java:47)
	at org.junit.internal.runners.statements.InvokeMethod.evaluate(InvokeMethod.java:17)
	at org.junit.internal.runners.statements.ExpectException.evaluate(ExpectException.java:19)
	at org.junit.runners.ParentRunner.runLeaf(ParentRunner.java:325)
	at org.junit.runners.BlockJUnit4ClassRunner.runChild(BlockJUnit4ClassRunner.java:78)
	at org.junit.runners.BlockJUnit4ClassRunner.runChild(BlockJUnit4ClassRunner.java:57)
	at org.junit.runners.ParentRunner$3.run(ParentRunner.java:290)
	at org.junit.runners.ParentRunner$1.schedule(ParentRunner.java:71)
	at org.junit.runners.ParentRunner.runChildren(ParentRunner.java:288)
	at org.junit.runners.ParentRunner.access$000(ParentRunner.java:58)
	at org.junit.runners.ParentRunner$2.evaluate(ParentRunner.java:268)
	at org.junit.runners.ParentRunner.run(ParentRunner.java:363)
	at org.apache.maven.surefire.junit4.JUnit4TestSet.execute(JUnit4TestSet.java:53)
	at org.apache.maven.surefire.junit4.JUnit4Provider.executeTestSet(JUnit4Provider.java:123)
	at org.apache.maven.surefire.junit4.JUnit4Provider.invoke(JUnit4Provider.java:104)
	at sun.reflect.NativeMethodAccessorImpl.invoke0(Native Method)
	at sun.reflect.NativeMethodAccessorImpl.invoke(NativeMethodAccessorImpl.java:62)
	at sun.reflect.DelegatingMethodAccessorImpl.invoke(DelegatingMethodAccessorImpl.java:43)
	at java.lang.reflect.Method.invoke(Method.java:497)
	at org.apache.maven.surefire.util.ReflectionUtils.invokeMethodWithArray(ReflectionUtils.java:164)
	at org.apache.maven.surefire.booter.ProviderFactory$ProviderProxy.invoke(ProviderFactory.java:110)
	at org.apache.maven.surefire.booter.SurefireStarter.invokeProvider(SurefireStarter.java:175)
	at org.apache.maven.surefire.booter.SurefireStarter.runSuitesInProcessWhenForked(SurefireStarter.java:107)
	at org.apache.maven.surefire.booter.ForkedBooter.main(ForkedBooter.java:68)
Nested exception: 
java.lang.IllegalArgumentException: Invalid input file content; Error parsing input file
	at log4JToXml.xmlToProperties.XmlToLog4jConverterImpl$SimpleErrorHandler.error(XmlToLog4jConverterImpl.java:465)
	at org.apache.xerces.util.ErrorHandlerWrapper.error(Unknown Source)
	at org.apache.xerces.impl.XMLErrorReporter.reportError(Unknown Source)
	at org.apache.xerces.impl.XMLErrorReporter.reportError(Unknown Source)
	at org.apache.xerces.impl.dtd.XMLDTDValidator.addDTDDefaultAttrsAndValidate(Unknown Source)
	at org.apache.xerces.impl.dtd.XMLDTDValidator.handleStartElement(Unknown Source)
	at org.apache.xerces.impl.dtd.XMLDTDValidator.startElement(Unknown Source)
	at org.apache.xerces.impl.XMLNSDocumentScannerImpl.scanStartElement(Unknown Source)
	at org.apache.xerces.impl.XMLDocumentFragmentScannerImpl$FragmentContentDispatcher.dispatch(Unknown Source)
	at org.apache.xerces.impl.XMLDocumentFragmentScannerImpl.scanDocument(Unknown Source)
	at org.apache.xerces.parsers.XML11Configuration.parse(Unknown Source)
	at org.apache.xerces.parsers.XML11Configuration.parse(Unknown Source)
	at org.apache.xerces.parsers.XMLParser.parse(Unknown Source)
	at org.apache.xerces.parsers.AbstractSAXParser.parse(Unknown Source)
	at org.dom4j.io.SAXReader.read(SAXReader.java:465)
	at org.dom4j.io.SAXReader.read(SAXReader.java:291)
	at log4JToXml.xmlToProperties.XmlToLog4jConverterImpl.parse(XmlToLog4jConverterImpl.java:434)
	at log4JToXml.xmlToProperties.XmlToLog4jConverterImpl.load(XmlToLog4jConverterImpl.java:105)
	at log4JToXml.xmlToProperties.XmlToLog4jConverterImpl.convertAndSave(XmlToLog4jConverterImpl.java:402)
	at log4JToXml.xmlToProperties.XmlToPropertiesTest.xmlToPropertiesTest3(XmlToPropertiesTest.java:62)
	at sun.reflect.NativeMethodAccessorImpl.invoke0(Native Method)
	at sun.reflect.NativeMethodAccessorImpl.invoke(NativeMethodAccessorImpl.java:62)
	at sun.reflect.DelegatingMethodAccessorImpl.invoke(DelegatingMethodAccessorImpl.java:43)
	at java.lang.reflect.Method.invoke(Method.java:497)
	at org.junit.runners.model.FrameworkMethod$1.runReflectiveCall(FrameworkMethod.java:50)
	at org.junit.internal.runners.model.ReflectiveCallable.run(ReflectiveCallable.java:12)
	at org.junit.runners.model.FrameworkMethod.invokeExplosively(FrameworkMethod.java:47)
	at org.junit.internal.runners.statements.InvokeMethod.evaluate(InvokeMethod.java:17)
	at org.junit.internal.runners.statements.ExpectException.evaluate(ExpectException.java:19)
	at org.junit.runners.ParentRunner.runLeaf(ParentRunner.java:325)
	at org.junit.runners.BlockJUnit4ClassRunner.runChild(BlockJUnit4ClassRunner.java:78)
	at org.junit.runners.BlockJUnit4ClassRunner.runChild(BlockJUnit4ClassRunner.java:57)
	at org.junit.runners.ParentRunner$3.run(ParentRunner.java:290)
	at org.junit.runners.ParentRunner$1.schedule(ParentRunner.java:71)
	at org.junit.runners.ParentRunner.runChildren(ParentRunner.java:288)
	at org.junit.runners.ParentRunner.access$000(ParentRunner.java:58)
	at org.junit.runners.ParentRunner$2.evaluate(ParentRunner.java:268)
	at org.junit.runners.ParentRunner.run(ParentRunner.java:363)
	at org.apache.maven.surefire.junit4.JUnit4TestSet.execute(JUnit4TestSet.java:53)
	at org.apache.maven.surefire.junit4.JUnit4Provider.executeTestSet(JUnit4Provider.java:123)
	at org.apache.maven.surefire.junit4.JUnit4Provider.invoke(JUnit4Provider.java:104)
	at sun.reflect.NativeMethodAccessorImpl.invoke0(Native Method)
	at sun.reflect.NativeMethodAccessorImpl.invoke(NativeMethodAccessorImpl.java:62)
	at sun.reflect.DelegatingMethodAccessorImpl.invoke(DelegatingMethodAccessorImpl.java:43)
	at java.lang.reflect.Method.invoke(Method.java:497)
	at org.apache.maven.surefire.util.ReflectionUtils.invokeMethodWithArray(ReflectionUtils.java:164)
	at org.apache.maven.surefire.booter.ProviderFactory$ProviderProxy.invoke(ProviderFactory.java:110)
	at org.apache.maven.surefire.booter.SurefireStarter.invokeProvider(SurefireStarter.java:175)
	at org.apache.maven.surefire.booter.SurefireStarter.runSuitesInProcessWhenForked(SurefireStarter.java:107)
	at org.apache.maven.surefire.booter.ForkedBooter.main(ForkedBooter.java:68)
Caused by: org.xml.sax.SAXParseException; systemId: file:/C:/Users/Katka/AppData/Local/Temp/tempXML79555293163241281.xml; lineNumber: 7; columnNumber: 22; Attribute "class" is required and must be specified for element type "appender".
	at org.apache.xerces.util.ErrorHandlerWrapper.createSAXParseException(Unknown Source)
	... 49 more
13-06-2015 14:57:56 ERROR [main] - log4JToXml.xmlToProperties.XmlToLog4jConverterImpl$SimpleErrorHandler.error 464 - Attribute "value" is required and must be specified for element type "param".
13-06-2015 14:57:56 ERROR [main] - log4JToXml.xmlToProperties.XmlToLog4jConverterImpl.load 107 - Error parsing input file: src/main/resources/testData/xmltest4.xml
org.dom4j.DocumentException: Invalid input file content; Error parsing input file Nested exception: Invalid input file content; Error parsing input file
	at org.dom4j.io.SAXReader.read(SAXReader.java:484)
	at org.dom4j.io.SAXReader.read(SAXReader.java:291)
	at log4JToXml.xmlToProperties.XmlToLog4jConverterImpl.parse(XmlToLog4jConverterImpl.java:434)
	at log4JToXml.xmlToProperties.XmlToLog4jConverterImpl.load(XmlToLog4jConverterImpl.java:105)
	at log4JToXml.xmlToProperties.XmlToLog4jConverterImpl.convertAndSave(XmlToLog4jConverterImpl.java:402)
	at log4JToXml.xmlToProperties.XmlToPropertiesTest.xmlToPropertiesTest4(XmlToPropertiesTest.java:75)
	at sun.reflect.NativeMethodAccessorImpl.invoke0(Native Method)
	at sun.reflect.NativeMethodAccessorImpl.invoke(NativeMethodAccessorImpl.java:62)
	at sun.reflect.DelegatingMethodAccessorImpl.invoke(DelegatingMethodAccessorImpl.java:43)
	at java.lang.reflect.Method.invoke(Method.java:497)
	at org.junit.runners.model.FrameworkMethod$1.runReflectiveCall(FrameworkMethod.java:50)
	at org.junit.internal.runners.model.ReflectiveCallable.run(ReflectiveCallable.java:12)
	at org.junit.runners.model.FrameworkMethod.invokeExplosively(FrameworkMethod.java:47)
	at org.junit.internal.runners.statements.InvokeMethod.evaluate(InvokeMethod.java:17)
	at org.junit.internal.runners.statements.ExpectException.evaluate(ExpectException.java:19)
	at org.junit.runners.ParentRunner.runLeaf(ParentRunner.java:325)
	at org.junit.runners.BlockJUnit4ClassRunner.runChild(BlockJUnit4ClassRunner.java:78)
	at org.junit.runners.BlockJUnit4ClassRunner.runChild(BlockJUnit4ClassRunner.java:57)
	at org.junit.runners.ParentRunner$3.run(ParentRunner.java:290)
	at org.junit.runners.ParentRunner$1.schedule(ParentRunner.java:71)
	at org.junit.runners.ParentRunner.runChildren(ParentRunner.java:288)
	at org.junit.runners.ParentRunner.access$000(ParentRunner.java:58)
	at org.junit.runners.ParentRunner$2.evaluate(ParentRunner.java:268)
	at org.junit.runners.ParentRunner.run(ParentRunner.java:363)
	at org.apache.maven.surefire.junit4.JUnit4TestSet.execute(JUnit4TestSet.java:53)
	at org.apache.maven.surefire.junit4.JUnit4Provider.executeTestSet(JUnit4Provider.java:123)
	at org.apache.maven.surefire.junit4.JUnit4Provider.invoke(JUnit4Provider.java:104)
	at sun.reflect.NativeMethodAccessorImpl.invoke0(Native Method)
	at sun.reflect.NativeMethodAccessorImpl.invoke(NativeMethodAccessorImpl.java:62)
	at sun.reflect.DelegatingMethodAccessorImpl.invoke(DelegatingMethodAccessorImpl.java:43)
	at java.lang.reflect.Method.invoke(Method.java:497)
	at org.apache.maven.surefire.util.ReflectionUtils.invokeMethodWithArray(ReflectionUtils.java:164)
	at org.apache.maven.surefire.booter.ProviderFactory$ProviderProxy.invoke(ProviderFactory.java:110)
	at org.apache.maven.surefire.booter.SurefireStarter.invokeProvider(SurefireStarter.java:175)
	at org.apache.maven.surefire.booter.SurefireStarter.runSuitesInProcessWhenForked(SurefireStarter.java:107)
	at org.apache.maven.surefire.booter.ForkedBooter.main(ForkedBooter.java:68)
Nested exception: 
java.lang.IllegalArgumentException: Invalid input file content; Error parsing input file
	at log4JToXml.xmlToProperties.XmlToLog4jConverterImpl$SimpleErrorHandler.error(XmlToLog4jConverterImpl.java:465)
	at org.apache.xerces.util.ErrorHandlerWrapper.error(Unknown Source)
	at org.apache.xerces.impl.XMLErrorReporter.reportError(Unknown Source)
	at org.apache.xerces.impl.XMLErrorReporter.reportError(Unknown Source)
	at org.apache.xerces.impl.dtd.XMLDTDValidator.addDTDDefaultAttrsAndValidate(Unknown Source)
	at org.apache.xerces.impl.dtd.XMLDTDValidator.handleStartElement(Unknown Source)
	at org.apache.xerces.impl.dtd.XMLDTDValidator.startElement(Unknown Source)
	at org.apache.xerces.impl.XMLNSDocumentScannerImpl.scanStartElement(Unknown Source)
	at org.apache.xerces.impl.XMLDocumentFragmentScannerImpl$FragmentContentDispatcher.dispatch(Unknown Source)
	at org.apache.xerces.impl.XMLDocumentFragmentScannerImpl.scanDocument(Unknown Source)
	at org.apache.xerces.parsers.XML11Configuration.parse(Unknown Source)
	at org.apache.xerces.parsers.XML11Configuration.parse(Unknown Source)
	at org.apache.xerces.parsers.XMLParser.parse(Unknown Source)
	at org.apache.xerces.parsers.AbstractSAXParser.parse(Unknown Source)
	at org.dom4j.io.SAXReader.read(SAXReader.java:465)
	at org.dom4j.io.SAXReader.read(SAXReader.java:291)
	at log4JToXml.xmlToProperties.XmlToLog4jConverterImpl.parse(XmlToLog4jConverterImpl.java:434)
	at log4JToXml.xmlToProperties.XmlToLog4jConverterImpl.load(XmlToLog4jConverterImpl.java:105)
	at log4JToXml.xmlToProperties.XmlToLog4jConverterImpl.convertAndSave(XmlToLog4jConverterImpl.java:402)
	at log4JToXml.xmlToProperties.XmlToPropertiesTest.xmlToPropertiesTest4(XmlToPropertiesTest.java:75)
	at sun.reflect.NativeMethodAccessorImpl.invoke0(Native Method)
	at sun.reflect.NativeMethodAccessorImpl.invoke(NativeMethodAccessorImpl.java:62)
	at sun.reflect.DelegatingMethodAccessorImpl.invoke(DelegatingMethodAccessorImpl.java:43)
	at java.lang.reflect.Method.invoke(Method.java:497)
	at org.junit.runners.model.FrameworkMethod$1.runReflectiveCall(FrameworkMethod.java:50)
	at org.junit.internal.runners.model.ReflectiveCallable.run(ReflectiveCallable.java:12)
	at org.junit.runners.model.FrameworkMethod.invokeExplosively(FrameworkMethod.java:47)
	at org.junit.internal.runners.statements.InvokeMethod.evaluate(InvokeMethod.java:17)
	at org.junit.internal.runners.statements.ExpectException.evaluate(ExpectException.java:19)
	at org.junit.runners.ParentRunner.runLeaf(ParentRunner.java:325)
	at org.junit.runners.BlockJUnit4ClassRunner.runChild(BlockJUnit4ClassRunner.java:78)
	at org.junit.runners.BlockJUnit4ClassRunner.runChild(BlockJUnit4ClassRunner.java:57)
	at org.junit.runners.ParentRunner$3.run(ParentRunner.java:290)
	at org.junit.runners.ParentRunner$1.schedule(ParentRunner.java:71)
	at org.junit.runners.ParentRunner.runChildren(ParentRunner.java:288)
	at org.junit.runners.ParentRunner.access$000(ParentRunner.java:58)
	at org.junit.runners.ParentRunner$2.evaluate(ParentRunner.java:268)
	at org.junit.runners.ParentRunner.run(ParentRunner.java:363)
	at org.apache.maven.surefire.junit4.JUnit4TestSet.execute(JUnit4TestSet.java:53)
	at org.apache.maven.surefire.junit4.JUnit4Provider.executeTestSet(JUnit4Provider.java:123)
	at org.apache.maven.surefire.junit4.JUnit4Provider.invoke(JUnit4Provider.java:104)
	at sun.reflect.NativeMethodAccessorImpl.invoke0(Native Method)
	at sun.reflect.NativeMethodAccessorImpl.invoke(NativeMethodAccessorImpl.java:62)
	at sun.reflect.DelegatingMethodAccessorImpl.invoke(DelegatingMethodAccessorImpl.java:43)
	at java.lang.reflect.Method.invoke(Method.java:497)
	at org.apache.maven.surefire.util.ReflectionUtils.invokeMethodWithArray(ReflectionUtils.java:164)
	at org.apache.maven.surefire.booter.ProviderFactory$ProviderProxy.invoke(ProviderFactory.java:110)
	at org.apache.maven.surefire.booter.SurefireStarter.invokeProvider(SurefireStarter.java:175)
	at org.apache.maven.surefire.booter.SurefireStarter.runSuitesInProcessWhenForked(SurefireStarter.java:107)
	at org.apache.maven.surefire.booter.ForkedBooter.main(ForkedBooter.java:68)
Caused by: org.xml.sax.SAXParseException; systemId: file:/C:/Users/Katka/AppData/Local/Temp/tempXML1542152252907814692.xml; lineNumber: 9; columnNumber: 31; Attribute "value" is required and must be specified for element type "param".
	at org.apache.xerces.util.ErrorHandlerWrapper.createSAXParseException(Unknown Source)
	... 49 more
13-06-2015 14:57:56 ERROR [main] - log4JToXml.xmlToProperties.XmlToLog4jConverterImpl$SimpleErrorHandler.error 464 - The content of element type "log4j:configuration" must match "(renderer*,appender*,(category|logger)*,root?,categoryFactory?)".
13-06-2015 14:57:56 ERROR [main] - log4JToXml.xmlToProperties.XmlToLog4jConverterImpl.load 107 - Error parsing input file: src/main/resources/testData/xmltest5.xml
org.dom4j.DocumentException: Invalid input file content; Error parsing input file Nested exception: Invalid input file content; Error parsing input file
	at org.dom4j.io.SAXReader.read(SAXReader.java:484)
	at org.dom4j.io.SAXReader.read(SAXReader.java:291)
	at log4JToXml.xmlToProperties.XmlToLog4jConverterImpl.parse(XmlToLog4jConverterImpl.java:434)
	at log4JToXml.xmlToProperties.XmlToLog4jConverterImpl.load(XmlToLog4jConverterImpl.java:105)
	at log4JToXml.xmlToProperties.XmlToLog4jConverterImpl.convertAndSave(XmlToLog4jConverterImpl.java:402)
	at log4JToXml.xmlToProperties.XmlToPropertiesTest.xmlToPropertiesTest5(XmlToPropertiesTest.java:88)
	at sun.reflect.NativeMethodAccessorImpl.invoke0(Native Method)
	at sun.reflect.NativeMethodAccessorImpl.invoke(NativeMethodAccessorImpl.java:62)
	at sun.reflect.DelegatingMethodAccessorImpl.invoke(DelegatingMethodAccessorImpl.java:43)
	at java.lang.reflect.Method.invoke(Method.java:497)
	at org.junit.runners.model.FrameworkMethod$1.runReflectiveCall(FrameworkMethod.java:50)
	at org.junit.internal.runners.model.ReflectiveCallable.run(ReflectiveCallable.java:12)
	at org.junit.runners.model.FrameworkMethod.invokeExplosively(FrameworkMethod.java:47)
	at org.junit.internal.runners.statements.InvokeMethod.evaluate(InvokeMethod.java:17)
	at org.junit.internal.runners.statements.ExpectException.evaluate(ExpectException.java:19)
	at org.junit.runners.ParentRunner.runLeaf(ParentRunner.java:325)
	at org.junit.runners.BlockJUnit4ClassRunner.runChild(BlockJUnit4ClassRunner.java:78)
	at org.junit.runners.BlockJUnit4ClassRunner.runChild(BlockJUnit4ClassRunner.java:57)
	at org.junit.runners.ParentRunner$3.run(ParentRunner.java:290)
	at org.junit.runners.ParentRunner$1.schedule(ParentRunner.java:71)
	at org.junit.runners.ParentRunner.runChildren(ParentRunner.java:288)
	at org.junit.runners.ParentRunner.access$000(ParentRunner.java:58)
	at org.junit.runners.ParentRunner$2.evaluate(ParentRunner.java:268)
	at org.junit.runners.ParentRunner.run(ParentRunner.java:363)
	at org.apache.maven.surefire.junit4.JUnit4TestSet.execute(JUnit4TestSet.java:53)
	at org.apache.maven.surefire.junit4.JUnit4Provider.executeTestSet(JUnit4Provider.java:123)
	at org.apache.maven.surefire.junit4.JUnit4Provider.invoke(JUnit4Provider.java:104)
	at sun.reflect.NativeMethodAccessorImpl.invoke0(Native Method)
	at sun.reflect.NativeMethodAccessorImpl.invoke(NativeMethodAccessorImpl.java:62)
	at sun.reflect.DelegatingMethodAccessorImpl.invoke(DelegatingMethodAccessorImpl.java:43)
	at java.lang.reflect.Method.invoke(Method.java:497)
	at org.apache.maven.surefire.util.ReflectionUtils.invokeMethodWithArray(ReflectionUtils.java:164)
	at org.apache.maven.surefire.booter.ProviderFactory$ProviderProxy.invoke(ProviderFactory.java:110)
	at org.apache.maven.surefire.booter.SurefireStarter.invokeProvider(SurefireStarter.java:175)
	at org.apache.maven.surefire.booter.SurefireStarter.runSuitesInProcessWhenForked(SurefireStarter.java:107)
	at org.apache.maven.surefire.booter.ForkedBooter.main(ForkedBooter.java:68)
Nested exception: 
java.lang.IllegalArgumentException: Invalid input file content; Error parsing input file
	at log4JToXml.xmlToProperties.XmlToLog4jConverterImpl$SimpleErrorHandler.error(XmlToLog4jConverterImpl.java:465)
	at org.apache.xerces.util.ErrorHandlerWrapper.error(Unknown Source)
	at org.apache.xerces.impl.XMLErrorReporter.reportError(Unknown Source)
	at org.apache.xerces.impl.XMLErrorReporter.reportError(Unknown Source)
	at org.apache.xerces.impl.dtd.XMLDTDValidator.handleEndElement(Unknown Source)
	at org.apache.xerces.impl.dtd.XMLDTDValidator.endElement(Unknown Source)
	at org.apache.xerces.impl.XMLNSDocumentScannerImpl.scanEndElement(Unknown Source)
	at org.apache.xerces.impl.XMLDocumentFragmentScannerImpl$FragmentContentDispatcher.dispatch(Unknown Source)
	at org.apache.xerces.impl.XMLDocumentFragmentScannerImpl.scanDocument(Unknown Source)
	at org.apache.xerces.parsers.XML11Configuration.parse(Unknown Source)
	at org.apache.xerces.parsers.XML11Configuration.parse(Unknown Source)
	at org.apache.xerces.parsers.XMLParser.parse(Unknown Source)
	at org.apache.xerces.parsers.AbstractSAXParser.parse(Unknown Source)
	at org.dom4j.io.SAXReader.read(SAXReader.java:465)
	at org.dom4j.io.SAXReader.read(SAXReader.java:291)
	at log4JToXml.xmlToProperties.XmlToLog4jConverterImpl.parse(XmlToLog4jConverterImpl.java:434)
	at log4JToXml.xmlToProperties.XmlToLog4jConverterImpl.load(XmlToLog4jConverterImpl.java:105)
	at log4JToXml.xmlToProperties.XmlToLog4jConverterImpl.convertAndSave(XmlToLog4jConverterImpl.java:402)
	at log4JToXml.xmlToProperties.XmlToPropertiesTest.xmlToPropertiesTest5(XmlToPropertiesTest.java:88)
	at sun.reflect.NativeMethodAccessorImpl.invoke0(Native Method)
	at sun.reflect.NativeMethodAccessorImpl.invoke(NativeMethodAccessorImpl.java:62)
	at sun.reflect.DelegatingMethodAccessorImpl.invoke(DelegatingMethodAccessorImpl.java:43)
	at java.lang.reflect.Method.invoke(Method.java:497)
	at org.junit.runners.model.FrameworkMethod$1.runReflectiveCall(FrameworkMethod.java:50)
	at org.junit.internal.runners.model.ReflectiveCallable.run(ReflectiveCallable.java:12)
	at org.junit.runners.model.FrameworkMethod.invokeExplosively(FrameworkMethod.java:47)
	at org.junit.internal.runners.statements.InvokeMethod.evaluate(InvokeMethod.java:17)
	at org.junit.internal.runners.statements.ExpectException.evaluate(ExpectException.java:19)
	at org.junit.runners.ParentRunner.runLeaf(ParentRunner.java:325)
	at org.junit.runners.BlockJUnit4ClassRunner.runChild(BlockJUnit4ClassRunner.java:78)
	at org.junit.runners.BlockJUnit4ClassRunner.runChild(BlockJUnit4ClassRunner.java:57)
	at org.junit.runners.ParentRunner$3.run(ParentRunner.java:290)
	at org.junit.runners.ParentRunner$1.schedule(ParentRunner.java:71)
	at org.junit.runners.ParentRunner.runChildren(ParentRunner.java:288)
	at org.junit.runners.ParentRunner.access$000(ParentRunner.java:58)
	at org.junit.runners.ParentRunner$2.evaluate(ParentRunner.java:268)
	at org.junit.runners.ParentRunner.run(ParentRunner.java:363)
	at org.apache.maven.surefire.junit4.JUnit4TestSet.execute(JUnit4TestSet.java:53)
	at org.apache.maven.surefire.junit4.JUnit4Provider.executeTestSet(JUnit4Provider.java:123)
	at org.apache.maven.surefire.junit4.JUnit4Provider.invoke(JUnit4Provider.java:104)
	at sun.reflect.NativeMethodAccessorImpl.invoke0(Native Method)
	at sun.reflect.NativeMethodAccessorImpl.invoke(NativeMethodAccessorImpl.java:62)
	at sun.reflect.DelegatingMethodAccessorImpl.invoke(DelegatingMethodAccessorImpl.java:43)
	at java.lang.reflect.Method.invoke(Method.java:497)
	at org.apache.maven.surefire.util.ReflectionUtils.invokeMethodWithArray(ReflectionUtils.java:164)
	at org.apache.maven.surefire.booter.ProviderFactory$ProviderProxy.invoke(ProviderFactory.java:110)
	at org.apache.maven.surefire.booter.SurefireStarter.invokeProvider(SurefireStarter.java:175)
	at org.apache.maven.surefire.booter.SurefireStarter.runSuitesInProcessWhenForked(SurefireStarter.java:107)
	at org.apache.maven.surefire.booter.ForkedBooter.main(ForkedBooter.java:68)
Caused by: org.xml.sax.SAXParseException; systemId: file:/C:/Users/Katka/AppData/Local/Temp/tempXML2267291019159438675.xml; lineNumber: 21; columnNumber: 23; The content of element type "log4j:configuration" must match "(renderer*,appender*,(category|logger)*,root?,categoryFactory?)".
	at org.apache.xerces.util.ErrorHandlerWrapper.createSAXParseException(Unknown Source)
	... 48 more
13-06-2015 14:57:57 ERROR [main] - log4JToXml.xmlToProperties.XmlToLog4jConverterImpl.load 93 - Error opening input file: src/main/resources/testData/xmltest6.xml
javax.xml.stream.XMLStreamException: java.io.FileNotFoundException: C:\Users\Katka\Desktop\log4jToXml\log4jToXmlMaven\src\main\resources\testData\xmltest6.xml (Systém nemùže nalézt uvedený soubor)
	at com.sun.org.apache.xerces.internal.impl.XMLStreamReaderImpl.setInputSource(XMLStreamReaderImpl.java:217)
	at com.sun.org.apache.xerces.internal.impl.XMLStreamReaderImpl.<init>(XMLStreamReaderImpl.java:189)
	at com.sun.xml.internal.stream.XMLInputFactoryImpl.createXMLStreamReader(XMLInputFactoryImpl.java:143)
	at com.sun.xml.internal.stream.XMLInputFactoryImpl.createXMLEventReader(XMLInputFactoryImpl.java:90)
	at log4JToXml.xmlToProperties.XmlToLog4jConverterImpl.addDTDDeclaration(XmlToLog4jConverterImpl.java:417)
	at log4JToXml.xmlToProperties.XmlToLog4jConverterImpl.load(XmlToLog4jConverterImpl.java:91)
	at log4JToXml.xmlToProperties.XmlToLog4jConverterImpl.convertAndSave(XmlToLog4jConverterImpl.java:402)
	at log4JToXml.xmlToProperties.XmlToPropertiesTest.xmlToPropertiesTestNonexistentInput(XmlToPropertiesTest.java:146)
	at sun.reflect.NativeMethodAccessorImpl.invoke0(Native Method)
	at sun.reflect.NativeMethodAccessorImpl.invoke(NativeMethodAccessorImpl.java:62)
	at sun.reflect.DelegatingMethodAccessorImpl.invoke(DelegatingMethodAccessorImpl.java:43)
	at java.lang.reflect.Method.invoke(Method.java:497)
	at org.junit.runners.model.FrameworkMethod$1.runReflectiveCall(FrameworkMethod.java:50)
	at org.junit.internal.runners.model.ReflectiveCallable.run(ReflectiveCallable.java:12)
	at org.junit.runners.model.FrameworkMethod.invokeExplosively(FrameworkMethod.java:47)
	at org.junit.internal.runners.statements.InvokeMethod.evaluate(InvokeMethod.java:17)
	at org.junit.internal.runners.statements.ExpectException.evaluate(ExpectException.java:19)
	at org.junit.runners.ParentRunner.runLeaf(ParentRunner.java:325)
	at org.junit.runners.BlockJUnit4ClassRunner.runChild(BlockJUnit4ClassRunner.java:78)
	at org.junit.runners.BlockJUnit4ClassRunner.runChild(BlockJUnit4ClassRunner.java:57)
	at org.junit.runners.ParentRunner$3.run(ParentRunner.java:290)
	at org.junit.runners.ParentRunner$1.schedule(ParentRunner.java:71)
	at org.junit.runners.ParentRunner.runChildren(ParentRunner.java:288)
	at org.junit.runners.ParentRunner.access$000(ParentRunner.java:58)
	at org.junit.runners.ParentRunner$2.evaluate(ParentRunner.java:268)
	at org.junit.runners.ParentRunner.run(ParentRunner.java:363)
	at org.apache.maven.surefire.junit4.JUnit4TestSet.execute(JUnit4TestSet.java:53)
	at org.apache.maven.surefire.junit4.JUnit4Provider.executeTestSet(JUnit4Provider.java:123)
	at org.apache.maven.surefire.junit4.JUnit4Provider.invoke(JUnit4Provider.java:104)
	at sun.reflect.NativeMethodAccessorImpl.invoke0(Native Method)
	at sun.reflect.NativeMethodAccessorImpl.invoke(NativeMethodAccessorImpl.java:62)
	at sun.reflect.DelegatingMethodAccessorImpl.invoke(DelegatingMethodAccessorImpl.java:43)
	at java.lang.reflect.Method.invoke(Method.java:497)
	at org.apache.maven.surefire.util.ReflectionUtils.invokeMethodWithArray(ReflectionUtils.java:164)
	at org.apache.maven.surefire.booter.ProviderFactory$ProviderProxy.invoke(ProviderFactory.java:110)
	at org.apache.maven.surefire.booter.SurefireStarter.invokeProvider(SurefireStarter.java:175)
	at org.apache.maven.surefire.booter.SurefireStarter.runSuitesInProcessWhenForked(SurefireStarter.java:107)
	at org.apache.maven.surefire.booter.ForkedBooter.main(ForkedBooter.java:68)
Caused by: java.io.FileNotFoundException: C:\Users\Katka\Desktop\log4jToXml\log4jToXmlMaven\src\main\resources\testData\xmltest6.xml (Systém nemùže nalézt uvedený soubor)
	at java.io.FileInputStream.open0(Native Method)
	at java.io.FileInputStream.open(FileInputStream.java:195)
	at java.io.FileInputStream.<init>(FileInputStream.java:138)
	at java.io.FileInputStream.<init>(FileInputStream.java:93)
	at sun.net.www.protocol.file.FileURLConnection.connect(FileURLConnection.java:90)
	at sun.net.www.protocol.file.FileURLConnection.getInputStream(FileURLConnection.java:188)
	at com.sun.org.apache.xerces.internal.impl.XMLEntityManager.setupCurrentEntity(XMLEntityManager.java:622)
	at com.sun.org.apache.xerces.internal.impl.XMLEntityManager.startEntity(XMLEntityManager.java:1300)
	at com.sun.org.apache.xerces.internal.impl.XMLEntityManager.startDocumentEntity(XMLEntityManager.java:1252)
	at com.sun.org.apache.xerces.internal.impl.XMLDocumentScannerImpl.setInputSource(XMLDocumentScannerImpl.java:257)
	at com.sun.org.apache.xerces.internal.impl.XMLStreamReaderImpl.setInputSource(XMLStreamReaderImpl.java:204)
	... 37 more
13-06-2015 14:57:57 ERROR [main] - log4JToXml.xmlToProperties.XmlToLog4jConverterImpl.load 93 - Error opening input file: src/main/resources/testData/propertiestest1.properties
javax.xml.stream.XMLStreamException: ParseError at [row,col]:[1,1]
Message: Content is not allowed in prolog.
	at com.sun.org.apache.xerces.internal.impl.XMLStreamReaderImpl.next(XMLStreamReaderImpl.java:601)
	at com.sun.xml.internal.stream.XMLEventReaderImpl.nextEvent(XMLEventReaderImpl.java:83)
	at javax.xml.stream.util.EventReaderDelegate.nextEvent(EventReaderDelegate.java:89)
	at log4JToXml.xmlToProperties.XmlToLog4jConverterImpl$DTDReplacer.nextEvent(XmlToLog4jConverterImpl.java:493)
	at com.sun.xml.internal.stream.writers.XMLEventWriterImpl.add(XMLEventWriterImpl.java:70)
	at log4JToXml.xmlToProperties.XmlToLog4jConverterImpl.addDTDDeclaration(XmlToLog4jConverterImpl.java:420)
	at log4JToXml.xmlToProperties.XmlToLog4jConverterImpl.load(XmlToLog4jConverterImpl.java:91)
	at log4JToXml.xmlToProperties.XmlToLog4jConverterImpl.convertAndSave(XmlToLog4jConverterImpl.java:402)
	at log4JToXml.xmlToProperties.XmlToPropertiesTest.xmlToPropertiesTestNotXmlInput(XmlToPropertiesTest.java:159)
	at sun.reflect.NativeMethodAccessorImpl.invoke0(Native Method)
	at sun.reflect.NativeMethodAccessorImpl.invoke(NativeMethodAccessorImpl.java:62)
	at sun.reflect.DelegatingMethodAccessorImpl.invoke(DelegatingMethodAccessorImpl.java:43)
	at java.lang.reflect.Method.invoke(Method.java:497)
	at org.junit.runners.model.FrameworkMethod$1.runReflectiveCall(FrameworkMethod.java:50)
	at org.junit.internal.runners.model.ReflectiveCallable.run(ReflectiveCallable.java:12)
	at org.junit.runners.model.FrameworkMethod.invokeExplosively(FrameworkMethod.java:47)
	at org.junit.internal.runners.statements.InvokeMethod.evaluate(InvokeMethod.java:17)
	at org.junit.internal.runners.statements.ExpectException.evaluate(ExpectException.java:19)
	at org.junit.runners.ParentRunner.runLeaf(ParentRunner.java:325)
	at org.junit.runners.BlockJUnit4ClassRunner.runChild(BlockJUnit4ClassRunner.java:78)
	at org.junit.runners.BlockJUnit4ClassRunner.runChild(BlockJUnit4ClassRunner.java:57)
	at org.junit.runners.ParentRunner$3.run(ParentRunner.java:290)
	at org.junit.runners.ParentRunner$1.schedule(ParentRunner.java:71)
	at org.junit.runners.ParentRunner.runChildren(ParentRunner.java:288)
	at org.junit.runners.ParentRunner.access$000(ParentRunner.java:58)
	at org.junit.runners.ParentRunner$2.evaluate(ParentRunner.java:268)
	at org.junit.runners.ParentRunner.run(ParentRunner.java:363)
	at org.apache.maven.surefire.junit4.JUnit4TestSet.execute(JUnit4TestSet.java:53)
	at org.apache.maven.surefire.junit4.JUnit4Provider.executeTestSet(JUnit4Provider.java:123)
	at org.apache.maven.surefire.junit4.JUnit4Provider.invoke(JUnit4Provider.java:104)
	at sun.reflect.NativeMethodAccessorImpl.invoke0(Native Method)
	at sun.reflect.NativeMethodAccessorImpl.invoke(NativeMethodAccessorImpl.java:62)
	at sun.reflect.DelegatingMethodAccessorImpl.invoke(DelegatingMethodAccessorImpl.java:43)
	at java.lang.reflect.Method.invoke(Method.java:497)
	at org.apache.maven.surefire.util.ReflectionUtils.invokeMethodWithArray(ReflectionUtils.java:164)
	at org.apache.maven.surefire.booter.ProviderFactory$ProviderProxy.invoke(ProviderFactory.java:110)
	at org.apache.maven.surefire.booter.SurefireStarter.invokeProvider(SurefireStarter.java:175)
	at org.apache.maven.surefire.booter.SurefireStarter.runSuitesInProcessWhenForked(SurefireStarter.java:107)
	at org.apache.maven.surefire.booter.ForkedBooter.main(ForkedBooter.java:68)
13-06-2015 15:22:37 ERROR [main] - log4JToXml.xmlToProperties.XmlToLog4jConverterImpl.load 93 - Error opening input file: src/main/resources/testData/xmltest6.xml
javax.xml.stream.XMLStreamException: java.io.FileNotFoundException: C:\Users\Katka\Desktop\log4jToXml\log4jToXmlMaven\src\main\resources\testData\xmltest6.xml (Systém nemùže nalézt uvedený soubor)
	at com.sun.org.apache.xerces.internal.impl.XMLStreamReaderImpl.setInputSource(XMLStreamReaderImpl.java:217)
	at com.sun.org.apache.xerces.internal.impl.XMLStreamReaderImpl.<init>(XMLStreamReaderImpl.java:189)
	at com.sun.xml.internal.stream.XMLInputFactoryImpl.createXMLStreamReader(XMLInputFactoryImpl.java:143)
	at com.sun.xml.internal.stream.XMLInputFactoryImpl.createXMLEventReader(XMLInputFactoryImpl.java:90)
	at log4JToXml.xmlToProperties.XmlToLog4jConverterImpl.addDTDDeclaration(XmlToLog4jConverterImpl.java:417)
	at log4JToXml.xmlToProperties.XmlToLog4jConverterImpl.load(XmlToLog4jConverterImpl.java:91)
	at log4JToXml.xmlToProperties.XmlToLog4jConverterImpl.convertAndSave(XmlToLog4jConverterImpl.java:402)
	at log4JToXml.xmlToProperties.XmlToPropertiesTest.nonexistentXmlTest(XmlToPropertiesTest.java:146)
	at sun.reflect.NativeMethodAccessorImpl.invoke0(Native Method)
	at sun.reflect.NativeMethodAccessorImpl.invoke(NativeMethodAccessorImpl.java:62)
	at sun.reflect.DelegatingMethodAccessorImpl.invoke(DelegatingMethodAccessorImpl.java:43)
	at java.lang.reflect.Method.invoke(Method.java:497)
	at org.junit.runners.model.FrameworkMethod$1.runReflectiveCall(FrameworkMethod.java:50)
	at org.junit.internal.runners.model.ReflectiveCallable.run(ReflectiveCallable.java:12)
	at org.junit.runners.model.FrameworkMethod.invokeExplosively(FrameworkMethod.java:47)
	at org.junit.internal.runners.statements.InvokeMethod.evaluate(InvokeMethod.java:17)
	at org.junit.internal.runners.statements.ExpectException.evaluate(ExpectException.java:19)
	at org.junit.runners.ParentRunner.runLeaf(ParentRunner.java:325)
	at org.junit.runners.BlockJUnit4ClassRunner.runChild(BlockJUnit4ClassRunner.java:78)
	at org.junit.runners.BlockJUnit4ClassRunner.runChild(BlockJUnit4ClassRunner.java:57)
	at org.junit.runners.ParentRunner$3.run(ParentRunner.java:290)
	at org.junit.runners.ParentRunner$1.schedule(ParentRunner.java:71)
	at org.junit.runners.ParentRunner.runChildren(ParentRunner.java:288)
	at org.junit.runners.ParentRunner.access$000(ParentRunner.java:58)
	at org.junit.runners.ParentRunner$2.evaluate(ParentRunner.java:268)
	at org.junit.runners.ParentRunner.run(ParentRunner.java:363)
	at org.apache.maven.surefire.junit4.JUnit4TestSet.execute(JUnit4TestSet.java:53)
	at org.apache.maven.surefire.junit4.JUnit4Provider.executeTestSet(JUnit4Provider.java:123)
	at org.apache.maven.surefire.junit4.JUnit4Provider.invoke(JUnit4Provider.java:104)
	at sun.reflect.NativeMethodAccessorImpl.invoke0(Native Method)
	at sun.reflect.NativeMethodAccessorImpl.invoke(NativeMethodAccessorImpl.java:62)
	at sun.reflect.DelegatingMethodAccessorImpl.invoke(DelegatingMethodAccessorImpl.java:43)
	at java.lang.reflect.Method.invoke(Method.java:497)
	at org.apache.maven.surefire.util.ReflectionUtils.invokeMethodWithArray(ReflectionUtils.java:164)
	at org.apache.maven.surefire.booter.ProviderFactory$ProviderProxy.invoke(ProviderFactory.java:110)
	at org.apache.maven.surefire.booter.SurefireStarter.invokeProvider(SurefireStarter.java:175)
	at org.apache.maven.surefire.booter.SurefireStarter.runSuitesInProcessWhenForked(SurefireStarter.java:107)
	at org.apache.maven.surefire.booter.ForkedBooter.main(ForkedBooter.java:68)
Caused by: java.io.FileNotFoundException: C:\Users\Katka\Desktop\log4jToXml\log4jToXmlMaven\src\main\resources\testData\xmltest6.xml (Systém nemùže nalézt uvedený soubor)
	at java.io.FileInputStream.open0(Native Method)
	at java.io.FileInputStream.open(FileInputStream.java:195)
	at java.io.FileInputStream.<init>(FileInputStream.java:138)
	at java.io.FileInputStream.<init>(FileInputStream.java:93)
	at sun.net.www.protocol.file.FileURLConnection.connect(FileURLConnection.java:90)
	at sun.net.www.protocol.file.FileURLConnection.getInputStream(FileURLConnection.java:188)
	at com.sun.org.apache.xerces.internal.impl.XMLEntityManager.setupCurrentEntity(XMLEntityManager.java:622)
	at com.sun.org.apache.xerces.internal.impl.XMLEntityManager.startEntity(XMLEntityManager.java:1300)
	at com.sun.org.apache.xerces.internal.impl.XMLEntityManager.startDocumentEntity(XMLEntityManager.java:1252)
	at com.sun.org.apache.xerces.internal.impl.XMLDocumentScannerImpl.setInputSource(XMLDocumentScannerImpl.java:257)
	at com.sun.org.apache.xerces.internal.impl.XMLStreamReaderImpl.setInputSource(XMLStreamReaderImpl.java:204)
	... 37 more
13-06-2015 15:22:39 ERROR [main] - log4JToXml.xmlToProperties.XmlToLog4jConverterImpl$SimpleErrorHandler.error 464 - Attribute "class" is required and must be specified for element type "appender".
13-06-2015 15:22:39 ERROR [main] - log4JToXml.xmlToProperties.XmlToLog4jConverterImpl.load 107 - Error parsing input file: src/main/resources/testData/xmltest3.xml
org.dom4j.DocumentException: Invalid input file content; Error parsing input file Nested exception: Invalid input file content; Error parsing input file
	at org.dom4j.io.SAXReader.read(SAXReader.java:484)
	at org.dom4j.io.SAXReader.read(SAXReader.java:291)
	at log4JToXml.xmlToProperties.XmlToLog4jConverterImpl.parse(XmlToLog4jConverterImpl.java:434)
	at log4JToXml.xmlToProperties.XmlToLog4jConverterImpl.load(XmlToLog4jConverterImpl.java:105)
	at log4JToXml.xmlToProperties.XmlToLog4jConverterImpl.convertAndSave(XmlToLog4jConverterImpl.java:402)
	at log4JToXml.xmlToProperties.XmlToPropertiesTest.xmlToPropertiesTest3(XmlToPropertiesTest.java:62)
	at sun.reflect.NativeMethodAccessorImpl.invoke0(Native Method)
	at sun.reflect.NativeMethodAccessorImpl.invoke(NativeMethodAccessorImpl.java:62)
	at sun.reflect.DelegatingMethodAccessorImpl.invoke(DelegatingMethodAccessorImpl.java:43)
	at java.lang.reflect.Method.invoke(Method.java:497)
	at org.junit.runners.model.FrameworkMethod$1.runReflectiveCall(FrameworkMethod.java:50)
	at org.junit.internal.runners.model.ReflectiveCallable.run(ReflectiveCallable.java:12)
	at org.junit.runners.model.FrameworkMethod.invokeExplosively(FrameworkMethod.java:47)
	at org.junit.internal.runners.statements.InvokeMethod.evaluate(InvokeMethod.java:17)
	at org.junit.internal.runners.statements.ExpectException.evaluate(ExpectException.java:19)
	at org.junit.runners.ParentRunner.runLeaf(ParentRunner.java:325)
	at org.junit.runners.BlockJUnit4ClassRunner.runChild(BlockJUnit4ClassRunner.java:78)
	at org.junit.runners.BlockJUnit4ClassRunner.runChild(BlockJUnit4ClassRunner.java:57)
	at org.junit.runners.ParentRunner$3.run(ParentRunner.java:290)
	at org.junit.runners.ParentRunner$1.schedule(ParentRunner.java:71)
	at org.junit.runners.ParentRunner.runChildren(ParentRunner.java:288)
	at org.junit.runners.ParentRunner.access$000(ParentRunner.java:58)
	at org.junit.runners.ParentRunner$2.evaluate(ParentRunner.java:268)
	at org.junit.runners.ParentRunner.run(ParentRunner.java:363)
	at org.apache.maven.surefire.junit4.JUnit4TestSet.execute(JUnit4TestSet.java:53)
	at org.apache.maven.surefire.junit4.JUnit4Provider.executeTestSet(JUnit4Provider.java:123)
	at org.apache.maven.surefire.junit4.JUnit4Provider.invoke(JUnit4Provider.java:104)
	at sun.reflect.NativeMethodAccessorImpl.invoke0(Native Method)
	at sun.reflect.NativeMethodAccessorImpl.invoke(NativeMethodAccessorImpl.java:62)
	at sun.reflect.DelegatingMethodAccessorImpl.invoke(DelegatingMethodAccessorImpl.java:43)
	at java.lang.reflect.Method.invoke(Method.java:497)
	at org.apache.maven.surefire.util.ReflectionUtils.invokeMethodWithArray(ReflectionUtils.java:164)
	at org.apache.maven.surefire.booter.ProviderFactory$ProviderProxy.invoke(ProviderFactory.java:110)
	at org.apache.maven.surefire.booter.SurefireStarter.invokeProvider(SurefireStarter.java:175)
	at org.apache.maven.surefire.booter.SurefireStarter.runSuitesInProcessWhenForked(SurefireStarter.java:107)
	at org.apache.maven.surefire.booter.ForkedBooter.main(ForkedBooter.java:68)
Nested exception: 
java.lang.IllegalArgumentException: Invalid input file content; Error parsing input file
	at log4JToXml.xmlToProperties.XmlToLog4jConverterImpl$SimpleErrorHandler.error(XmlToLog4jConverterImpl.java:465)
	at org.apache.xerces.util.ErrorHandlerWrapper.error(Unknown Source)
	at org.apache.xerces.impl.XMLErrorReporter.reportError(Unknown Source)
	at org.apache.xerces.impl.XMLErrorReporter.reportError(Unknown Source)
	at org.apache.xerces.impl.dtd.XMLDTDValidator.addDTDDefaultAttrsAndValidate(Unknown Source)
	at org.apache.xerces.impl.dtd.XMLDTDValidator.handleStartElement(Unknown Source)
	at org.apache.xerces.impl.dtd.XMLDTDValidator.startElement(Unknown Source)
	at org.apache.xerces.impl.XMLNSDocumentScannerImpl.scanStartElement(Unknown Source)
	at org.apache.xerces.impl.XMLDocumentFragmentScannerImpl$FragmentContentDispatcher.dispatch(Unknown Source)
	at org.apache.xerces.impl.XMLDocumentFragmentScannerImpl.scanDocument(Unknown Source)
	at org.apache.xerces.parsers.XML11Configuration.parse(Unknown Source)
	at org.apache.xerces.parsers.XML11Configuration.parse(Unknown Source)
	at org.apache.xerces.parsers.XMLParser.parse(Unknown Source)
	at org.apache.xerces.parsers.AbstractSAXParser.parse(Unknown Source)
	at org.dom4j.io.SAXReader.read(SAXReader.java:465)
	at org.dom4j.io.SAXReader.read(SAXReader.java:291)
	at log4JToXml.xmlToProperties.XmlToLog4jConverterImpl.parse(XmlToLog4jConverterImpl.java:434)
	at log4JToXml.xmlToProperties.XmlToLog4jConverterImpl.load(XmlToLog4jConverterImpl.java:105)
	at log4JToXml.xmlToProperties.XmlToLog4jConverterImpl.convertAndSave(XmlToLog4jConverterImpl.java:402)
	at log4JToXml.xmlToProperties.XmlToPropertiesTest.xmlToPropertiesTest3(XmlToPropertiesTest.java:62)
	at sun.reflect.NativeMethodAccessorImpl.invoke0(Native Method)
	at sun.reflect.NativeMethodAccessorImpl.invoke(NativeMethodAccessorImpl.java:62)
	at sun.reflect.DelegatingMethodAccessorImpl.invoke(DelegatingMethodAccessorImpl.java:43)
	at java.lang.reflect.Method.invoke(Method.java:497)
	at org.junit.runners.model.FrameworkMethod$1.runReflectiveCall(FrameworkMethod.java:50)
	at org.junit.internal.runners.model.ReflectiveCallable.run(ReflectiveCallable.java:12)
	at org.junit.runners.model.FrameworkMethod.invokeExplosively(FrameworkMethod.java:47)
	at org.junit.internal.runners.statements.InvokeMethod.evaluate(InvokeMethod.java:17)
	at org.junit.internal.runners.statements.ExpectException.evaluate(ExpectException.java:19)
	at org.junit.runners.ParentRunner.runLeaf(ParentRunner.java:325)
	at org.junit.runners.BlockJUnit4ClassRunner.runChild(BlockJUnit4ClassRunner.java:78)
	at org.junit.runners.BlockJUnit4ClassRunner.runChild(BlockJUnit4ClassRunner.java:57)
	at org.junit.runners.ParentRunner$3.run(ParentRunner.java:290)
	at org.junit.runners.ParentRunner$1.schedule(ParentRunner.java:71)
	at org.junit.runners.ParentRunner.runChildren(ParentRunner.java:288)
	at org.junit.runners.ParentRunner.access$000(ParentRunner.java:58)
	at org.junit.runners.ParentRunner$2.evaluate(ParentRunner.java:268)
	at org.junit.runners.ParentRunner.run(ParentRunner.java:363)
	at org.apache.maven.surefire.junit4.JUnit4TestSet.execute(JUnit4TestSet.java:53)
	at org.apache.maven.surefire.junit4.JUnit4Provider.executeTestSet(JUnit4Provider.java:123)
	at org.apache.maven.surefire.junit4.JUnit4Provider.invoke(JUnit4Provider.java:104)
	at sun.reflect.NativeMethodAccessorImpl.invoke0(Native Method)
	at sun.reflect.NativeMethodAccessorImpl.invoke(NativeMethodAccessorImpl.java:62)
	at sun.reflect.DelegatingMethodAccessorImpl.invoke(DelegatingMethodAccessorImpl.java:43)
	at java.lang.reflect.Method.invoke(Method.java:497)
	at org.apache.maven.surefire.util.ReflectionUtils.invokeMethodWithArray(ReflectionUtils.java:164)
	at org.apache.maven.surefire.booter.ProviderFactory$ProviderProxy.invoke(ProviderFactory.java:110)
	at org.apache.maven.surefire.booter.SurefireStarter.invokeProvider(SurefireStarter.java:175)
	at org.apache.maven.surefire.booter.SurefireStarter.runSuitesInProcessWhenForked(SurefireStarter.java:107)
	at org.apache.maven.surefire.booter.ForkedBooter.main(ForkedBooter.java:68)
Caused by: org.xml.sax.SAXParseException; systemId: file:/C:/Users/Katka/AppData/Local/Temp/tempXML1779608602248322613.xml; lineNumber: 7; columnNumber: 22; Attribute "class" is required and must be specified for element type "appender".
	at org.apache.xerces.util.ErrorHandlerWrapper.createSAXParseException(Unknown Source)
	... 49 more
13-06-2015 15:22:39 ERROR [main] - log4JToXml.xmlToProperties.XmlToLog4jConverterImpl$SimpleErrorHandler.error 464 - Attribute "value" is required and must be specified for element type "param".
13-06-2015 15:22:39 ERROR [main] - log4JToXml.xmlToProperties.XmlToLog4jConverterImpl.load 107 - Error parsing input file: src/main/resources/testData/xmltest4.xml
org.dom4j.DocumentException: Invalid input file content; Error parsing input file Nested exception: Invalid input file content; Error parsing input file
	at org.dom4j.io.SAXReader.read(SAXReader.java:484)
	at org.dom4j.io.SAXReader.read(SAXReader.java:291)
	at log4JToXml.xmlToProperties.XmlToLog4jConverterImpl.parse(XmlToLog4jConverterImpl.java:434)
	at log4JToXml.xmlToProperties.XmlToLog4jConverterImpl.load(XmlToLog4jConverterImpl.java:105)
	at log4JToXml.xmlToProperties.XmlToLog4jConverterImpl.convertAndSave(XmlToLog4jConverterImpl.java:402)
	at log4JToXml.xmlToProperties.XmlToPropertiesTest.xmlToPropertiesTest4(XmlToPropertiesTest.java:75)
	at sun.reflect.NativeMethodAccessorImpl.invoke0(Native Method)
	at sun.reflect.NativeMethodAccessorImpl.invoke(NativeMethodAccessorImpl.java:62)
	at sun.reflect.DelegatingMethodAccessorImpl.invoke(DelegatingMethodAccessorImpl.java:43)
	at java.lang.reflect.Method.invoke(Method.java:497)
	at org.junit.runners.model.FrameworkMethod$1.runReflectiveCall(FrameworkMethod.java:50)
	at org.junit.internal.runners.model.ReflectiveCallable.run(ReflectiveCallable.java:12)
	at org.junit.runners.model.FrameworkMethod.invokeExplosively(FrameworkMethod.java:47)
	at org.junit.internal.runners.statements.InvokeMethod.evaluate(InvokeMethod.java:17)
	at org.junit.internal.runners.statements.ExpectException.evaluate(ExpectException.java:19)
	at org.junit.runners.ParentRunner.runLeaf(ParentRunner.java:325)
	at org.junit.runners.BlockJUnit4ClassRunner.runChild(BlockJUnit4ClassRunner.java:78)
	at org.junit.runners.BlockJUnit4ClassRunner.runChild(BlockJUnit4ClassRunner.java:57)
	at org.junit.runners.ParentRunner$3.run(ParentRunner.java:290)
	at org.junit.runners.ParentRunner$1.schedule(ParentRunner.java:71)
	at org.junit.runners.ParentRunner.runChildren(ParentRunner.java:288)
	at org.junit.runners.ParentRunner.access$000(ParentRunner.java:58)
	at org.junit.runners.ParentRunner$2.evaluate(ParentRunner.java:268)
	at org.junit.runners.ParentRunner.run(ParentRunner.java:363)
	at org.apache.maven.surefire.junit4.JUnit4TestSet.execute(JUnit4TestSet.java:53)
	at org.apache.maven.surefire.junit4.JUnit4Provider.executeTestSet(JUnit4Provider.java:123)
	at org.apache.maven.surefire.junit4.JUnit4Provider.invoke(JUnit4Provider.java:104)
	at sun.reflect.NativeMethodAccessorImpl.invoke0(Native Method)
	at sun.reflect.NativeMethodAccessorImpl.invoke(NativeMethodAccessorImpl.java:62)
	at sun.reflect.DelegatingMethodAccessorImpl.invoke(DelegatingMethodAccessorImpl.java:43)
	at java.lang.reflect.Method.invoke(Method.java:497)
	at org.apache.maven.surefire.util.ReflectionUtils.invokeMethodWithArray(ReflectionUtils.java:164)
	at org.apache.maven.surefire.booter.ProviderFactory$ProviderProxy.invoke(ProviderFactory.java:110)
	at org.apache.maven.surefire.booter.SurefireStarter.invokeProvider(SurefireStarter.java:175)
	at org.apache.maven.surefire.booter.SurefireStarter.runSuitesInProcessWhenForked(SurefireStarter.java:107)
	at org.apache.maven.surefire.booter.ForkedBooter.main(ForkedBooter.java:68)
Nested exception: 
java.lang.IllegalArgumentException: Invalid input file content; Error parsing input file
	at log4JToXml.xmlToProperties.XmlToLog4jConverterImpl$SimpleErrorHandler.error(XmlToLog4jConverterImpl.java:465)
	at org.apache.xerces.util.ErrorHandlerWrapper.error(Unknown Source)
	at org.apache.xerces.impl.XMLErrorReporter.reportError(Unknown Source)
	at org.apache.xerces.impl.XMLErrorReporter.reportError(Unknown Source)
	at org.apache.xerces.impl.dtd.XMLDTDValidator.addDTDDefaultAttrsAndValidate(Unknown Source)
	at org.apache.xerces.impl.dtd.XMLDTDValidator.handleStartElement(Unknown Source)
	at org.apache.xerces.impl.dtd.XMLDTDValidator.startElement(Unknown Source)
	at org.apache.xerces.impl.XMLNSDocumentScannerImpl.scanStartElement(Unknown Source)
	at org.apache.xerces.impl.XMLDocumentFragmentScannerImpl$FragmentContentDispatcher.dispatch(Unknown Source)
	at org.apache.xerces.impl.XMLDocumentFragmentScannerImpl.scanDocument(Unknown Source)
	at org.apache.xerces.parsers.XML11Configuration.parse(Unknown Source)
	at org.apache.xerces.parsers.XML11Configuration.parse(Unknown Source)
	at org.apache.xerces.parsers.XMLParser.parse(Unknown Source)
	at org.apache.xerces.parsers.AbstractSAXParser.parse(Unknown Source)
	at org.dom4j.io.SAXReader.read(SAXReader.java:465)
	at org.dom4j.io.SAXReader.read(SAXReader.java:291)
	at log4JToXml.xmlToProperties.XmlToLog4jConverterImpl.parse(XmlToLog4jConverterImpl.java:434)
	at log4JToXml.xmlToProperties.XmlToLog4jConverterImpl.load(XmlToLog4jConverterImpl.java:105)
	at log4JToXml.xmlToProperties.XmlToLog4jConverterImpl.convertAndSave(XmlToLog4jConverterImpl.java:402)
	at log4JToXml.xmlToProperties.XmlToPropertiesTest.xmlToPropertiesTest4(XmlToPropertiesTest.java:75)
	at sun.reflect.NativeMethodAccessorImpl.invoke0(Native Method)
	at sun.reflect.NativeMethodAccessorImpl.invoke(NativeMethodAccessorImpl.java:62)
	at sun.reflect.DelegatingMethodAccessorImpl.invoke(DelegatingMethodAccessorImpl.java:43)
	at java.lang.reflect.Method.invoke(Method.java:497)
	at org.junit.runners.model.FrameworkMethod$1.runReflectiveCall(FrameworkMethod.java:50)
	at org.junit.internal.runners.model.ReflectiveCallable.run(ReflectiveCallable.java:12)
	at org.junit.runners.model.FrameworkMethod.invokeExplosively(FrameworkMethod.java:47)
	at org.junit.internal.runners.statements.InvokeMethod.evaluate(InvokeMethod.java:17)
	at org.junit.internal.runners.statements.ExpectException.evaluate(ExpectException.java:19)
	at org.junit.runners.ParentRunner.runLeaf(ParentRunner.java:325)
	at org.junit.runners.BlockJUnit4ClassRunner.runChild(BlockJUnit4ClassRunner.java:78)
	at org.junit.runners.BlockJUnit4ClassRunner.runChild(BlockJUnit4ClassRunner.java:57)
	at org.junit.runners.ParentRunner$3.run(ParentRunner.java:290)
	at org.junit.runners.ParentRunner$1.schedule(ParentRunner.java:71)
	at org.junit.runners.ParentRunner.runChildren(ParentRunner.java:288)
	at org.junit.runners.ParentRunner.access$000(ParentRunner.java:58)
	at org.junit.runners.ParentRunner$2.evaluate(ParentRunner.java:268)
	at org.junit.runners.ParentRunner.run(ParentRunner.java:363)
	at org.apache.maven.surefire.junit4.JUnit4TestSet.execute(JUnit4TestSet.java:53)
	at org.apache.maven.surefire.junit4.JUnit4Provider.executeTestSet(JUnit4Provider.java:123)
	at org.apache.maven.surefire.junit4.JUnit4Provider.invoke(JUnit4Provider.java:104)
	at sun.reflect.NativeMethodAccessorImpl.invoke0(Native Method)
	at sun.reflect.NativeMethodAccessorImpl.invoke(NativeMethodAccessorImpl.java:62)
	at sun.reflect.DelegatingMethodAccessorImpl.invoke(DelegatingMethodAccessorImpl.java:43)
	at java.lang.reflect.Method.invoke(Method.java:497)
	at org.apache.maven.surefire.util.ReflectionUtils.invokeMethodWithArray(ReflectionUtils.java:164)
	at org.apache.maven.surefire.booter.ProviderFactory$ProviderProxy.invoke(ProviderFactory.java:110)
	at org.apache.maven.surefire.booter.SurefireStarter.invokeProvider(SurefireStarter.java:175)
	at org.apache.maven.surefire.booter.SurefireStarter.runSuitesInProcessWhenForked(SurefireStarter.java:107)
	at org.apache.maven.surefire.booter.ForkedBooter.main(ForkedBooter.java:68)
Caused by: org.xml.sax.SAXParseException; systemId: file:/C:/Users/Katka/AppData/Local/Temp/tempXML5827699942509348999.xml; lineNumber: 9; columnNumber: 31; Attribute "value" is required and must be specified for element type "param".
	at org.apache.xerces.util.ErrorHandlerWrapper.createSAXParseException(Unknown Source)
	... 49 more
13-06-2015 15:22:40 ERROR [main] - log4JToXml.xmlToProperties.XmlToLog4jConverterImpl$SimpleErrorHandler.error 464 - The content of element type "log4j:configuration" must match "(renderer*,appender*,(category|logger)*,root?,categoryFactory?)".
13-06-2015 15:22:40 ERROR [main] - log4JToXml.xmlToProperties.XmlToLog4jConverterImpl.load 107 - Error parsing input file: src/main/resources/testData/xmltest5.xml
org.dom4j.DocumentException: Invalid input file content; Error parsing input file Nested exception: Invalid input file content; Error parsing input file
	at org.dom4j.io.SAXReader.read(SAXReader.java:484)
	at org.dom4j.io.SAXReader.read(SAXReader.java:291)
	at log4JToXml.xmlToProperties.XmlToLog4jConverterImpl.parse(XmlToLog4jConverterImpl.java:434)
	at log4JToXml.xmlToProperties.XmlToLog4jConverterImpl.load(XmlToLog4jConverterImpl.java:105)
	at log4JToXml.xmlToProperties.XmlToLog4jConverterImpl.convertAndSave(XmlToLog4jConverterImpl.java:402)
	at log4JToXml.xmlToProperties.XmlToPropertiesTest.xmlToPropertiesTest5(XmlToPropertiesTest.java:88)
	at sun.reflect.NativeMethodAccessorImpl.invoke0(Native Method)
	at sun.reflect.NativeMethodAccessorImpl.invoke(NativeMethodAccessorImpl.java:62)
	at sun.reflect.DelegatingMethodAccessorImpl.invoke(DelegatingMethodAccessorImpl.java:43)
	at java.lang.reflect.Method.invoke(Method.java:497)
	at org.junit.runners.model.FrameworkMethod$1.runReflectiveCall(FrameworkMethod.java:50)
	at org.junit.internal.runners.model.ReflectiveCallable.run(ReflectiveCallable.java:12)
	at org.junit.runners.model.FrameworkMethod.invokeExplosively(FrameworkMethod.java:47)
	at org.junit.internal.runners.statements.InvokeMethod.evaluate(InvokeMethod.java:17)
	at org.junit.internal.runners.statements.ExpectException.evaluate(ExpectException.java:19)
	at org.junit.runners.ParentRunner.runLeaf(ParentRunner.java:325)
	at org.junit.runners.BlockJUnit4ClassRunner.runChild(BlockJUnit4ClassRunner.java:78)
	at org.junit.runners.BlockJUnit4ClassRunner.runChild(BlockJUnit4ClassRunner.java:57)
	at org.junit.runners.ParentRunner$3.run(ParentRunner.java:290)
	at org.junit.runners.ParentRunner$1.schedule(ParentRunner.java:71)
	at org.junit.runners.ParentRunner.runChildren(ParentRunner.java:288)
	at org.junit.runners.ParentRunner.access$000(ParentRunner.java:58)
	at org.junit.runners.ParentRunner$2.evaluate(ParentRunner.java:268)
	at org.junit.runners.ParentRunner.run(ParentRunner.java:363)
	at org.apache.maven.surefire.junit4.JUnit4TestSet.execute(JUnit4TestSet.java:53)
	at org.apache.maven.surefire.junit4.JUnit4Provider.executeTestSet(JUnit4Provider.java:123)
	at org.apache.maven.surefire.junit4.JUnit4Provider.invoke(JUnit4Provider.java:104)
	at sun.reflect.NativeMethodAccessorImpl.invoke0(Native Method)
	at sun.reflect.NativeMethodAccessorImpl.invoke(NativeMethodAccessorImpl.java:62)
	at sun.reflect.DelegatingMethodAccessorImpl.invoke(DelegatingMethodAccessorImpl.java:43)
	at java.lang.reflect.Method.invoke(Method.java:497)
	at org.apache.maven.surefire.util.ReflectionUtils.invokeMethodWithArray(ReflectionUtils.java:164)
	at org.apache.maven.surefire.booter.ProviderFactory$ProviderProxy.invoke(ProviderFactory.java:110)
	at org.apache.maven.surefire.booter.SurefireStarter.invokeProvider(SurefireStarter.java:175)
	at org.apache.maven.surefire.booter.SurefireStarter.runSuitesInProcessWhenForked(SurefireStarter.java:107)
	at org.apache.maven.surefire.booter.ForkedBooter.main(ForkedBooter.java:68)
Nested exception: 
java.lang.IllegalArgumentException: Invalid input file content; Error parsing input file
	at log4JToXml.xmlToProperties.XmlToLog4jConverterImpl$SimpleErrorHandler.error(XmlToLog4jConverterImpl.java:465)
	at org.apache.xerces.util.ErrorHandlerWrapper.error(Unknown Source)
	at org.apache.xerces.impl.XMLErrorReporter.reportError(Unknown Source)
	at org.apache.xerces.impl.XMLErrorReporter.reportError(Unknown Source)
	at org.apache.xerces.impl.dtd.XMLDTDValidator.handleEndElement(Unknown Source)
	at org.apache.xerces.impl.dtd.XMLDTDValidator.endElement(Unknown Source)
	at org.apache.xerces.impl.XMLNSDocumentScannerImpl.scanEndElement(Unknown Source)
	at org.apache.xerces.impl.XMLDocumentFragmentScannerImpl$FragmentContentDispatcher.dispatch(Unknown Source)
	at org.apache.xerces.impl.XMLDocumentFragmentScannerImpl.scanDocument(Unknown Source)
	at org.apache.xerces.parsers.XML11Configuration.parse(Unknown Source)
	at org.apache.xerces.parsers.XML11Configuration.parse(Unknown Source)
	at org.apache.xerces.parsers.XMLParser.parse(Unknown Source)
	at org.apache.xerces.parsers.AbstractSAXParser.parse(Unknown Source)
	at org.dom4j.io.SAXReader.read(SAXReader.java:465)
	at org.dom4j.io.SAXReader.read(SAXReader.java:291)
	at log4JToXml.xmlToProperties.XmlToLog4jConverterImpl.parse(XmlToLog4jConverterImpl.java:434)
	at log4JToXml.xmlToProperties.XmlToLog4jConverterImpl.load(XmlToLog4jConverterImpl.java:105)
	at log4JToXml.xmlToProperties.XmlToLog4jConverterImpl.convertAndSave(XmlToLog4jConverterImpl.java:402)
	at log4JToXml.xmlToProperties.XmlToPropertiesTest.xmlToPropertiesTest5(XmlToPropertiesTest.java:88)
	at sun.reflect.NativeMethodAccessorImpl.invoke0(Native Method)
	at sun.reflect.NativeMethodAccessorImpl.invoke(NativeMethodAccessorImpl.java:62)
	at sun.reflect.DelegatingMethodAccessorImpl.invoke(DelegatingMethodAccessorImpl.java:43)
	at java.lang.reflect.Method.invoke(Method.java:497)
	at org.junit.runners.model.FrameworkMethod$1.runReflectiveCall(FrameworkMethod.java:50)
	at org.junit.internal.runners.model.ReflectiveCallable.run(ReflectiveCallable.java:12)
	at org.junit.runners.model.FrameworkMethod.invokeExplosively(FrameworkMethod.java:47)
	at org.junit.internal.runners.statements.InvokeMethod.evaluate(InvokeMethod.java:17)
	at org.junit.internal.runners.statements.ExpectException.evaluate(ExpectException.java:19)
	at org.junit.runners.ParentRunner.runLeaf(ParentRunner.java:325)
	at org.junit.runners.BlockJUnit4ClassRunner.runChild(BlockJUnit4ClassRunner.java:78)
	at org.junit.runners.BlockJUnit4ClassRunner.runChild(BlockJUnit4ClassRunner.java:57)
	at org.junit.runners.ParentRunner$3.run(ParentRunner.java:290)
	at org.junit.runners.ParentRunner$1.schedule(ParentRunner.java:71)
	at org.junit.runners.ParentRunner.runChildren(ParentRunner.java:288)
	at org.junit.runners.ParentRunner.access$000(ParentRunner.java:58)
	at org.junit.runners.ParentRunner$2.evaluate(ParentRunner.java:268)
	at org.junit.runners.ParentRunner.run(ParentRunner.java:363)
	at org.apache.maven.surefire.junit4.JUnit4TestSet.execute(JUnit4TestSet.java:53)
	at org.apache.maven.surefire.junit4.JUnit4Provider.executeTestSet(JUnit4Provider.java:123)
	at org.apache.maven.surefire.junit4.JUnit4Provider.invoke(JUnit4Provider.java:104)
	at sun.reflect.NativeMethodAccessorImpl.invoke0(Native Method)
	at sun.reflect.NativeMethodAccessorImpl.invoke(NativeMethodAccessorImpl.java:62)
	at sun.reflect.DelegatingMethodAccessorImpl.invoke(DelegatingMethodAccessorImpl.java:43)
	at java.lang.reflect.Method.invoke(Method.java:497)
	at org.apache.maven.surefire.util.ReflectionUtils.invokeMethodWithArray(ReflectionUtils.java:164)
	at org.apache.maven.surefire.booter.ProviderFactory$ProviderProxy.invoke(ProviderFactory.java:110)
	at org.apache.maven.surefire.booter.SurefireStarter.invokeProvider(SurefireStarter.java:175)
	at org.apache.maven.surefire.booter.SurefireStarter.runSuitesInProcessWhenForked(SurefireStarter.java:107)
	at org.apache.maven.surefire.booter.ForkedBooter.main(ForkedBooter.java:68)
Caused by: org.xml.sax.SAXParseException; systemId: file:/C:/Users/Katka/AppData/Local/Temp/tempXML8113816910315931822.xml; lineNumber: 21; columnNumber: 23; The content of element type "log4j:configuration" must match "(renderer*,appender*,(category|logger)*,root?,categoryFactory?)".
	at org.apache.xerces.util.ErrorHandlerWrapper.createSAXParseException(Unknown Source)
	... 48 more
13-06-2015 15:22:40 ERROR [main] - log4JToXml.xmlToProperties.XmlToLog4jConverterImpl.load 93 - Error opening input file: src/main/resources/testData/propertiestest1.properties
javax.xml.stream.XMLStreamException: ParseError at [row,col]:[1,1]
Message: Content is not allowed in prolog.
	at com.sun.org.apache.xerces.internal.impl.XMLStreamReaderImpl.next(XMLStreamReaderImpl.java:601)
	at com.sun.xml.internal.stream.XMLEventReaderImpl.nextEvent(XMLEventReaderImpl.java:83)
	at javax.xml.stream.util.EventReaderDelegate.nextEvent(EventReaderDelegate.java:89)
	at log4JToXml.xmlToProperties.XmlToLog4jConverterImpl$DTDReplacer.nextEvent(XmlToLog4jConverterImpl.java:493)
	at com.sun.xml.internal.stream.writers.XMLEventWriterImpl.add(XMLEventWriterImpl.java:70)
	at log4JToXml.xmlToProperties.XmlToLog4jConverterImpl.addDTDDeclaration(XmlToLog4jConverterImpl.java:420)
	at log4JToXml.xmlToProperties.XmlToLog4jConverterImpl.load(XmlToLog4jConverterImpl.java:91)
	at log4JToXml.xmlToProperties.XmlToLog4jConverterImpl.convertAndSave(XmlToLog4jConverterImpl.java:402)
	at log4JToXml.xmlToProperties.XmlToPropertiesTest.notAnXmlTest(XmlToPropertiesTest.java:159)
	at sun.reflect.NativeMethodAccessorImpl.invoke0(Native Method)
	at sun.reflect.NativeMethodAccessorImpl.invoke(NativeMethodAccessorImpl.java:62)
	at sun.reflect.DelegatingMethodAccessorImpl.invoke(DelegatingMethodAccessorImpl.java:43)
	at java.lang.reflect.Method.invoke(Method.java:497)
	at org.junit.runners.model.FrameworkMethod$1.runReflectiveCall(FrameworkMethod.java:50)
	at org.junit.internal.runners.model.ReflectiveCallable.run(ReflectiveCallable.java:12)
	at org.junit.runners.model.FrameworkMethod.invokeExplosively(FrameworkMethod.java:47)
	at org.junit.internal.runners.statements.InvokeMethod.evaluate(InvokeMethod.java:17)
	at org.junit.internal.runners.statements.ExpectException.evaluate(ExpectException.java:19)
	at org.junit.runners.ParentRunner.runLeaf(ParentRunner.java:325)
	at org.junit.runners.BlockJUnit4ClassRunner.runChild(BlockJUnit4ClassRunner.java:78)
	at org.junit.runners.BlockJUnit4ClassRunner.runChild(BlockJUnit4ClassRunner.java:57)
	at org.junit.runners.ParentRunner$3.run(ParentRunner.java:290)
	at org.junit.runners.ParentRunner$1.schedule(ParentRunner.java:71)
	at org.junit.runners.ParentRunner.runChildren(ParentRunner.java:288)
	at org.junit.runners.ParentRunner.access$000(ParentRunner.java:58)
	at org.junit.runners.ParentRunner$2.evaluate(ParentRunner.java:268)
	at org.junit.runners.ParentRunner.run(ParentRunner.java:363)
	at org.apache.maven.surefire.junit4.JUnit4TestSet.execute(JUnit4TestSet.java:53)
	at org.apache.maven.surefire.junit4.JUnit4Provider.executeTestSet(JUnit4Provider.java:123)
	at org.apache.maven.surefire.junit4.JUnit4Provider.invoke(JUnit4Provider.java:104)
	at sun.reflect.NativeMethodAccessorImpl.invoke0(Native Method)
	at sun.reflect.NativeMethodAccessorImpl.invoke(NativeMethodAccessorImpl.java:62)
	at sun.reflect.DelegatingMethodAccessorImpl.invoke(DelegatingMethodAccessorImpl.java:43)
	at java.lang.reflect.Method.invoke(Method.java:497)
	at org.apache.maven.surefire.util.ReflectionUtils.invokeMethodWithArray(ReflectionUtils.java:164)
	at org.apache.maven.surefire.booter.ProviderFactory$ProviderProxy.invoke(ProviderFactory.java:110)
	at org.apache.maven.surefire.booter.SurefireStarter.invokeProvider(SurefireStarter.java:175)
	at org.apache.maven.surefire.booter.SurefireStarter.runSuitesInProcessWhenForked(SurefireStarter.java:107)
	at org.apache.maven.surefire.booter.ForkedBooter.main(ForkedBooter.java:68)
14-06-2015 15:11:37 ERROR [main] - log4JToXml.propertiesToXml.AppenderParser.parse 47 - java.util.NoSuchElementException: No value present
14-06-2015 15:14:33 ERROR [main] - log4JToXml.propertiesToXml.AppenderParser.parse 47 - java.util.NoSuchElementException: No value present
14-06-2015 15:16:23 ERROR [main] - log4JToXml.propertiesToXml.AppenderParser.parse 47 - java.util.NoSuchElementException: No value present
14-06-2015 15:17:37 ERROR [main] - log4JToXml.propertiesToXml.AppenderParser.parse 47 - java.util.NoSuchElementException: No value present
14-06-2015 15:19:12 ERROR [main] - log4JToXml.propertiesToXml.AppenderParser.parse 47 - java.util.NoSuchElementException: No value present
14-06-2015 15:25:34 ERROR [main] - log4JToXml.propertiesToXml.AppenderParser.parse 47 - java.util.NoSuchElementException: No value present
14-06-2015 15:33:26 ERROR [main] - log4JToXml.propertiesToXml.AppenderParser.parse 47 - java.util.NoSuchElementException: No value present
14-06-2015 16:57:33 ERROR [main] - log4JToXml.propertiesToXml.AppenderParser.parse 47 - java.util.NoSuchElementException: No value present
